const webpack = require('webpack');
const path = require('path');
const HtmlWebpackPlugin = require('html-webpack-plugin')

const config = {
  entry: './src/index.js',
  output: {
    path: path.resolve(__dirname, 'dist'),
    filename: '[name].[contenthash].js'
  },
  plugins: [
    new HtmlWebpackPlugin({
        template: require('html-webpack-template'),
        inject: false,
        appMountId: 'app',
      })
  ],
  optimization: {
    runtimeChunk: 'single',
    splitChunks: {
      cacheGroups: {
        vendor: {
          test: /[\\\/]node_modules[\\\/]/,
          name: 'vendors',
          chunks: 'all'
        }
      }
    }
  },
  module: {
    rules: [
      {
        test: /\.(js|jsx)$/,
        use: 'babel-loader',
        exclude: /node_modules/
      },
      {
        test: /\.css$/,
        use: [
          'style-loader',
          {
            loader: 'css-loader',
            options: {
              importLoaders: 1
            }
          },
          'postcss-loader'
        ],
        exclude: /\.module\.css$/
      },
      {
        test: /\.png$/,
        use: [
          {
            loader: 'url-loader',
            options: {
              mimetype: 'image/png'
            }
          }
        ]
      },
      {
        test: /\.scss$/,
        use: [
          'style-loader',
          'css-loader',
          'sass-loader'
        ]
      },
      {
        test: /\.css$/,
        use: [
          'style-loader',
          {
            loader: 'css-loader',
            options: {
              importLoaders: 1,
              modules: true
            }
          },
          'postcss-loader'
        ],
        include: /\.module\.css$/
      },
      {
        test: /\.svg$/,
        use: 'file-loader'
      }
    ]
  },
  resolve: {
    extensions: [
      '.js',
      '.jsx'
    ]
  },
  devServer: {
    contentBase: './dist'
  }
}

module.exports = config;